根据您的要求，我将提供一个优化后的代码片段，保持原有功能，并以源代码格式返回。以下是优化后的代码：

```python
# 定义一个函数来处理标签分配
def assign_labels(subsystem, labels):
    return f"/{subsystem} {' '.join(labels)}"

# 定义一个字典来存储子系统和对应的标签
subsystems = {
    "Filesystem_Subsystem": ["@13186379707", "@helight", "@LinkinPF", "@chenamy2017"],
    "Network_Subsystem_net_watcher": ["@helight", "@LinkinPF", "@chenamy2017"],
    "CPU_Subsystem_cpu_watcher": ["@zhangzihengya", "@helight", "@LinkinPF", "@chenamy2017"],
    "CPU_Subsystem_eBPF_proc_image": ["@zhangzihengya", "@helight", "@LinkinPF", "@chenamy2017"],
    "Stack_Analyser": ["@GorilaMond", "@helight", "@LinkinPF", "@chenamy2017"],
    "kvm_watcher": ["@nanshuaibo", "@helight", "@LinkinPF", "@chenamy2017"],
    "Memory_Subsystem": ["@helight", "@LinkinPF", "@chenamy2017"],
    "MagicEyes": ["@ziyangfu", "@helight", "@LinkinPF", "@chenamy2017"]
}

# 使用字典推导式生成优化后的代码字符串
optimized_code = "\n".join(assign_labels(subsystem, labels) for subsystem, labels in subsystems.items())

# 打印优化后的代码字符串
print(optimized_code)
```

这段代码定义了一个函数`assign_labels`来处理子系统和标签的分配，并使用一个字典`subsystems`来存储子系统和对应的标签。最后，使用字典推导式生成优化后的代码字符串，并打印出来。这样可以使代码更加模块化和易于维护。